2020-02-04 12:24:29 [main] DEBUG c.l.f.r.RestaurantRepository -
				inside getAllRestaurant method....
2020-02-04 12:24:29 [main] DEBUG c.l.f.r.RestaurantRepository -
				inside getAllRestaurant method....
2020-02-04 12:24:29 [main] DEBUG c.l.f.r.RestaurantRepository -
				inside getReviewFileData method....
2020-02-04 12:24:29 [main] DEBUG c.l.f.r.RestaurantRepository -
				inside getReviewFileData method....
2020-02-04 12:24:29 [main] DEBUG c.l.f.r.RestaurantRepository -
				End of try block in getReviewFileData method
2020-02-04 12:24:29 [main] DEBUG c.l.f.r.RestaurantRepository -
				End of try block in getReviewFileData method
2020-02-04 12:24:29 [main] DEBUG c.l.f.r.RestaurantRepository -
				inside getDishesFileData method....
2020-02-04 12:24:29 [main] DEBUG c.l.f.r.RestaurantRepository -
				inside getDishesFileData method....
2020-02-04 12:24:29 [main] DEBUG c.l.f.r.RestaurantRepository -
				End of try block in getDishesFileData method
2020-02-04 12:24:29 [main] DEBUG c.l.f.r.RestaurantRepository -
				End of try block in getDishesFileData method
2020-02-04 12:24:29 [main] DEBUG c.l.f.r.RestaurantRepository -
				inside getReviewFileData method....
2020-02-04 12:24:29 [main] DEBUG c.l.f.r.RestaurantRepository -
				inside getReviewFileData method....
2020-02-04 12:24:29 [main] DEBUG c.l.f.r.RestaurantRepository -
				End of try block in getReviewFileData method
2020-02-04 12:24:29 [main] DEBUG c.l.f.r.RestaurantRepository -
				End of try block in getReviewFileData method
2020-02-04 12:24:29 [main] DEBUG c.l.f.r.RestaurantRepository -
				inside getDishesFileData method....
2020-02-04 12:24:29 [main] DEBUG c.l.f.r.RestaurantRepository -
				inside getDishesFileData method....
2020-02-04 12:24:29 [main] DEBUG c.l.f.r.RestaurantRepository -
				End of try block in getDishesFileData method
2020-02-04 12:24:29 [main] DEBUG c.l.f.r.RestaurantRepository -
				End of try block in getDishesFileData method
2020-02-04 12:24:29 [main] DEBUG c.l.f.r.RestaurantRepository -
				End of try block in getAllRestaurant method
2020-02-04 12:24:29 [main] DEBUG c.l.f.r.RestaurantRepository -
				End of try block in getAllRestaurant method
2020-02-04 12:24:30 [main] DEBUG c.l.f.r.RestaurantRepository -
				inside getAllRestaurant method....
2020-02-04 12:24:30 [main] DEBUG c.l.f.r.RestaurantRepository -
				inside getAllRestaurant method....
2020-02-04 12:24:30 [main] DEBUG c.l.f.r.RestaurantRepository -
				inside getReviewFileData method....
2020-02-04 12:24:30 [main] DEBUG c.l.f.r.RestaurantRepository -
				inside getReviewFileData method....
2020-02-04 12:24:30 [main] DEBUG c.l.f.r.RestaurantRepository -
				End of try block in getReviewFileData method
2020-02-04 12:24:30 [main] DEBUG c.l.f.r.RestaurantRepository -
				End of try block in getReviewFileData method
2020-02-04 12:24:30 [main] DEBUG c.l.f.r.RestaurantRepository -
				inside getDishesFileData method....
2020-02-04 12:24:30 [main] DEBUG c.l.f.r.RestaurantRepository -
				inside getDishesFileData method....
2020-02-04 12:24:30 [main] DEBUG c.l.f.r.RestaurantRepository -
				End of try block in getDishesFileData method
2020-02-04 12:24:30 [main] DEBUG c.l.f.r.RestaurantRepository -
				End of try block in getDishesFileData method
2020-02-04 12:24:30 [main] DEBUG c.l.f.r.RestaurantRepository -
				inside getReviewFileData method....
2020-02-04 12:24:30 [main] DEBUG c.l.f.r.RestaurantRepository -
				inside getReviewFileData method....
2020-02-04 12:24:30 [main] DEBUG c.l.f.r.RestaurantRepository -
				End of try block in getReviewFileData method
2020-02-04 12:24:30 [main] DEBUG c.l.f.r.RestaurantRepository -
				End of try block in getReviewFileData method
2020-02-04 12:24:30 [main] DEBUG c.l.f.r.RestaurantRepository -
				inside getDishesFileData method....
2020-02-04 12:24:30 [main] DEBUG c.l.f.r.RestaurantRepository -
				inside getDishesFileData method....
2020-02-04 12:24:30 [main] DEBUG c.l.f.r.RestaurantRepository -
				End of try block in getDishesFileData method
2020-02-04 12:24:30 [main] DEBUG c.l.f.r.RestaurantRepository -
				End of try block in getDishesFileData method
2020-02-04 12:24:30 [main] DEBUG c.l.f.r.RestaurantRepository -
				End of try block in getAllRestaurant method
2020-02-04 12:24:30 [main] DEBUG c.l.f.r.RestaurantRepository -
				End of try block in getAllRestaurant method
2020-02-04 12:24:30 [main] DEBUG c.l.f.r.RestaurantRepository -
				inside getAllRestaurant method....
2020-02-04 12:24:30 [main] DEBUG c.l.f.r.RestaurantRepository -
				inside getAllRestaurant method....
2020-02-04 12:24:30 [main] DEBUG c.l.f.r.RestaurantRepository -
				inside getReviewFileData method....
2020-02-04 12:24:30 [main] DEBUG c.l.f.r.RestaurantRepository -
				inside getReviewFileData method....
2020-02-04 12:24:30 [main] DEBUG c.l.f.r.RestaurantRepository -
				End of try block in getReviewFileData method
2020-02-04 12:24:30 [main] DEBUG c.l.f.r.RestaurantRepository -
				End of try block in getReviewFileData method
2020-02-04 12:24:30 [main] DEBUG c.l.f.r.RestaurantRepository -
				inside getDishesFileData method....
2020-02-04 12:24:30 [main] DEBUG c.l.f.r.RestaurantRepository -
				inside getDishesFileData method....
2020-02-04 12:24:30 [main] DEBUG c.l.f.r.RestaurantRepository -
				End of try block in getDishesFileData method
2020-02-04 12:24:30 [main] DEBUG c.l.f.r.RestaurantRepository -
				End of try block in getDishesFileData method
2020-02-04 12:24:30 [main] DEBUG c.l.f.r.RestaurantRepository -
				inside getReviewFileData method....
2020-02-04 12:24:30 [main] DEBUG c.l.f.r.RestaurantRepository -
				inside getReviewFileData method....
2020-02-04 12:24:30 [main] DEBUG c.l.f.r.RestaurantRepository -
				End of try block in getReviewFileData method
2020-02-04 12:24:30 [main] DEBUG c.l.f.r.RestaurantRepository -
				End of try block in getReviewFileData method
2020-02-04 12:24:30 [main] DEBUG c.l.f.r.RestaurantRepository -
				inside getDishesFileData method....
2020-02-04 12:24:30 [main] DEBUG c.l.f.r.RestaurantRepository -
				inside getDishesFileData method....
2020-02-04 12:24:30 [main] DEBUG c.l.f.r.RestaurantRepository -
				End of try block in getDishesFileData method
2020-02-04 12:24:30 [main] DEBUG c.l.f.r.RestaurantRepository -
				End of try block in getDishesFileData method
2020-02-04 12:24:30 [main] DEBUG c.l.f.r.RestaurantRepository -
				End of try block in getAllRestaurant method
2020-02-04 12:24:30 [main] DEBUG c.l.f.r.RestaurantRepository -
				End of try block in getAllRestaurant method
